{"/Users/yeray/Desktop/own/src/components/Login/Login.vue": {"path":"/Users/yeray/Desktop/own/src/components/Login/Login.vue","statementMap":{"0":{"start":{"line":46,"column":0},"end":{"line":46,"column":null}},"1":{"start":{"line":47,"column":0},"end":{"line":47,"column":null}},"2":{"start":{"line":50,"column":15},"end":{"line":50,"column":31}},"3":{"start":{"line":54,"column":4},"end":{"line":54,"column":11}},"4":{"start":{"line":64,"column":6},"end":{"line":68,"column":null}},"5":{"start":{"line":65,"column":8},"end":{"line":65,"column":13}},"6":{"start":{"line":67,"column":8},"end":{"line":67,"column":13}},"7":{"start":{"line":71,"column":10},"end":{"line":71,"column":15}},"8":{"start":{"line":72,"column":14},"end":{"line":72,"column":22}},"9":{"start":{"line":77,"column":10},"end":{"line":77,"column":16}},"10":{"start":{"line":78,"column":10},"end":{"line":78,"column":15}},"11":{"start":{"line":79,"column":10},"end":{"line":79,"column":15}},"12":{"start":{"line":81,"column":10},"end":{"line":81,"column":15}}},"fnMap":{"0":{"name":"(anonymous_0)","decl":{"start":{"line":53,"column":6},"end":{"line":53,"column":null}},"loc":{"start":{"line":53,"column":6},"end":{"line":60,"column":null}}},"1":{"name":"(anonymous_1)","decl":{"start":{"line":63,"column":13},"end":{"line":63,"column":null}},"loc":{"start":{"line":63,"column":13},"end":{"line":69,"column":null}}},"2":{"name":"(anonymous_2)","decl":{"start":{"line":70,"column":4},"end":{"line":70,"column":10}},"loc":{"start":{"line":70,"column":4},"end":{"line":84,"column":null}}}},"branchMap":{"0":{"loc":{"start":{"line":64,"column":6},"end":{"line":68,"column":null}},"type":"if","locations":[{"start":{"line":64,"column":6},"end":{"line":68,"column":null}},{"start":{"line":64,"column":6},"end":{"line":68,"column":null}}]},"1":{"loc":{"start":{"line":64,"column":10},"end":{"line":64,"column":38}},"type":"binary-expr","locations":[{"start":{"line":64,"column":10},"end":{"line":64,"column":38}},{"start":{"line":64,"column":38},"end":{"line":64,"column":64}}]},"2":{"loc":{"start":{"line":71,"column":10},"end":{"line":71,"column":15}},"type":"if","locations":[{"start":{"line":71,"column":10},"end":{"line":71,"column":15}},{"start":{"line":71,"column":10},"end":{"line":71,"column":15}}]},"3":{"loc":{"start":{"line":71,"column":10},"end":{"line":71,"column":34}},"type":"binary-expr","locations":[{"start":{"line":71,"column":10},"end":{"line":71,"column":34}},{"start":{"line":71,"column":34},"end":{"line":71,"column":null}}]}},"s":{"0":1,"1":1,"2":1,"3":0,"4":0,"5":0,"6":0,"7":0,"8":0,"9":0,"10":0,"11":0,"12":0},"f":{"0":0,"1":0,"2":0},"b":{"0":[0,0],"1":[0,0],"2":[0,0],"3":[0,0]}}
,"/Users/yeray/Desktop/own/src/components/OwnHeader/OwnHeader.vue": {"path":"/Users/yeray/Desktop/own/src/components/OwnHeader/OwnHeader.vue","statementMap":{"0":{"start":{"line":37,"column":0},"end":{"line":37,"column":null}},"1":{"start":{"line":38,"column":0},"end":{"line":38,"column":null}},"2":{"start":{"line":40,"column":15},"end":{"line":40,"column":31}},"3":{"start":{"line":44,"column":4},"end":{"line":44,"column":11}}},"fnMap":{"0":{"name":"(anonymous_0)","decl":{"start":{"line":43,"column":6},"end":{"line":43,"column":null}},"loc":{"start":{"line":43,"column":6},"end":{"line":47,"column":null}}}},"branchMap":{},"s":{"0":1,"1":1,"2":1,"3":2},"f":{"0":2},"b":{}}
,"/Users/yeray/Desktop/own/src/components/Register/Register.vue": {"path":"/Users/yeray/Desktop/own/src/components/Register/Register.vue","statementMap":{"0":{"start":{"line":58,"column":0},"end":{"line":58,"column":null}},"1":{"start":{"line":59,"column":0},"end":{"line":59,"column":null}},"2":{"start":{"line":62,"column":15},"end":{"line":62,"column":31}},"3":{"start":{"line":66,"column":4},"end":{"line":66,"column":11}},"4":{"start":{"line":80,"column":6},"end":{"line":97,"column":null}},"5":{"start":{"line":86,"column":8},"end":{"line":94,"column":null}},"6":{"start":{"line":87,"column":10},"end":{"line":87,"column":15}},"7":{"start":{"line":89,"column":10},"end":{"line":91,"column":null}},"8":{"start":{"line":90,"column":12},"end":{"line":90,"column":17}},"9":{"start":{"line":92,"column":10},"end":{"line":92,"column":15}},"10":{"start":{"line":93,"column":10},"end":{"line":93,"column":15}},"11":{"start":{"line":96,"column":8},"end":{"line":96,"column":13}},"12":{"start":{"line":100,"column":30},"end":{"line":100,"column":null}},"13":{"start":{"line":103,"column":6},"end":{"line":103,"column":13}},"14":{"start":{"line":106,"column":10},"end":{"line":106,"column":15}},"15":{"start":{"line":107,"column":14},"end":{"line":107,"column":22}},"16":{"start":{"line":113,"column":10},"end":{"line":113,"column":16}},"17":{"start":{"line":114,"column":10},"end":{"line":114,"column":15}},"18":{"start":{"line":116,"column":10},"end":{"line":116,"column":15}}},"fnMap":{"0":{"name":"(anonymous_0)","decl":{"start":{"line":65,"column":6},"end":{"line":65,"column":null}},"loc":{"start":{"line":65,"column":6},"end":{"line":75,"column":null}}},"1":{"name":"(anonymous_1)","decl":{"start":{"line":79,"column":13},"end":{"line":79,"column":null}},"loc":{"start":{"line":79,"column":13},"end":{"line":98,"column":null}}},"2":{"name":"(anonymous_2)","decl":{"start":{"line":99,"column":4},"end":{"line":99,"column":14}},"loc":{"start":{"line":99,"column":28},"end":{"line":104,"column":null}}},"3":{"name":"(anonymous_3)","decl":{"start":{"line":105,"column":4},"end":{"line":105,"column":10}},"loc":{"start":{"line":105,"column":4},"end":{"line":119,"column":null}}}},"branchMap":{"0":{"loc":{"start":{"line":80,"column":6},"end":{"line":97,"column":null}},"type":"if","locations":[{"start":{"line":80,"column":6},"end":{"line":97,"column":null}},{"start":{"line":80,"column":6},"end":{"line":97,"column":null}}]},"1":{"loc":{"start":{"line":81,"column":8},"end":{"line":81,"column":null}},"type":"binary-expr","locations":[{"start":{"line":81,"column":8},"end":{"line":81,"column":null}},{"start":{"line":82,"column":8},"end":{"line":82,"column":null}},{"start":{"line":83,"column":8},"end":{"line":83,"column":null}},{"start":{"line":84,"column":8},"end":{"line":84,"column":null}}]},"2":{"loc":{"start":{"line":86,"column":8},"end":{"line":94,"column":null}},"type":"if","locations":[{"start":{"line":86,"column":8},"end":{"line":94,"column":null}},{"start":{"line":86,"column":8},"end":{"line":94,"column":null}}]},"3":{"loc":{"start":{"line":89,"column":10},"end":{"line":91,"column":null}},"type":"if","locations":[{"start":{"line":89,"column":10},"end":{"line":91,"column":null}},{"start":{"line":89,"column":10},"end":{"line":91,"column":null}}]},"4":{"loc":{"start":{"line":106,"column":10},"end":{"line":106,"column":15}},"type":"if","locations":[{"start":{"line":106,"column":10},"end":{"line":106,"column":15}},{"start":{"line":106,"column":10},"end":{"line":106,"column":15}}]},"5":{"loc":{"start":{"line":106,"column":10},"end":{"line":106,"column":34}},"type":"binary-expr","locations":[{"start":{"line":106,"column":10},"end":{"line":106,"column":34}},{"start":{"line":106,"column":34},"end":{"line":106,"column":null}}]}},"s":{"0":1,"1":1,"2":1,"3":0,"4":0,"5":0,"6":0,"7":0,"8":0,"9":0,"10":0,"11":0,"12":0,"13":0,"14":0,"15":0,"16":0,"17":0,"18":0},"f":{"0":0,"1":0,"2":0,"3":0},"b":{"0":[0,0],"1":[0,0,0,0],"2":[0,0],"3":[0,0],"4":[0,0],"5":[0,0]}}
,"/Users/yeray/Desktop/own/src/router/index.ts": {"path":"/Users/yeray/Desktop/own/src/router/index.ts","statementMap":{"0":{"start":{"line":1,"column":0},"end":{"line":1,"column":null}},"1":{"start":{"line":2,"column":0},"end":{"line":2,"column":null}},"2":{"start":{"line":3,"column":0},"end":{"line":3,"column":null}},"3":{"start":{"line":4,"column":0},"end":{"line":4,"column":null}},"4":{"start":{"line":5,"column":0},"end":{"line":5,"column":null}},"5":{"start":{"line":6,"column":0},"end":{"line":6,"column":null}},"6":{"start":{"line":8,"column":38},"end":{"line":8,"column":null}},"7":{"start":{"line":45,"column":15},"end":{"line":45,"column":28}},"8":{"start":{"line":50,"column":15},"end":{"line":50,"column":null}}},"fnMap":{},"branchMap":{},"s":{"0":1,"1":1,"2":1,"3":1,"4":1,"5":1,"6":1,"7":1,"8":1},"f":{},"b":{}}
,"/Users/yeray/Desktop/own/src/views/Desk.vue": {"path":"/Users/yeray/Desktop/own/src/views/Desk.vue","statementMap":{"0":{"start":{"line":10,"column":0},"end":{"line":10,"column":null}},"1":{"start":{"line":11,"column":0},"end":{"line":11,"column":null}},"2":{"start":{"line":13,"column":15},"end":{"line":13,"column":31}},"3":{"start":{"line":20,"column":4},"end":{"line":20,"column":11}},"4":{"start":{"line":28,"column":4},"end":{"line":32,"column":null}},"5":{"start":{"line":29,"column":6},"end":{"line":29,"column":11}},"6":{"start":{"line":31,"column":6},"end":{"line":31,"column":11}}},"fnMap":{"0":{"name":"(anonymous_0)","decl":{"start":{"line":19,"column":6},"end":{"line":19,"column":null}},"loc":{"start":{"line":19,"column":6},"end":{"line":23,"column":null}}},"1":{"name":"(anonymous_1)","decl":{"start":{"line":27,"column":9},"end":{"line":27,"column":null}},"loc":{"start":{"line":27,"column":9},"end":{"line":33,"column":null}}}},"branchMap":{"0":{"loc":{"start":{"line":28,"column":4},"end":{"line":32,"column":null}},"type":"if","locations":[{"start":{"line":28,"column":4},"end":{"line":32,"column":null}},{"start":{"line":28,"column":4},"end":{"line":32,"column":null}}]}},"s":{"0":1,"1":1,"2":1,"3":0,"4":0,"5":0,"6":0},"f":{"0":0,"1":0},"b":{"0":[0,0]}}
,"/Users/yeray/Desktop/own/src/views/Home.vue": {"path":"/Users/yeray/Desktop/own/src/views/Home.vue","statementMap":{"0":{"start":{"line":8,"column":0},"end":{"line":8,"column":null}},"1":{"start":{"line":10,"column":15},"end":{"line":10,"column":31}}},"fnMap":{},"branchMap":{},"s":{"0":1,"1":1},"f":{},"b":{}}
,"/Users/yeray/Desktop/own/src/views/NotFound.vue": {"path":"/Users/yeray/Desktop/own/src/views/NotFound.vue","statementMap":{"0":{"start":{"line":11,"column":0},"end":{"line":11,"column":null}},"1":{"start":{"line":13,"column":15},"end":{"line":13,"column":31}}},"fnMap":{},"branchMap":{},"s":{"0":1,"1":1},"f":{},"b":{}}
,"/Users/yeray/Desktop/own/src/views/OwnLogin.vue": {"path":"/Users/yeray/Desktop/own/src/views/OwnLogin.vue","statementMap":{"0":{"start":{"line":6,"column":0},"end":{"line":6,"column":null}},"1":{"start":{"line":7,"column":0},"end":{"line":7,"column":null}},"2":{"start":{"line":9,"column":15},"end":{"line":9,"column":31}}},"fnMap":{},"branchMap":{},"s":{"0":1,"1":1,"2":1},"f":{},"b":{}}
,"/Users/yeray/Desktop/own/src/views/OwnRegister.vue": {"path":"/Users/yeray/Desktop/own/src/views/OwnRegister.vue","statementMap":{"0":{"start":{"line":6,"column":0},"end":{"line":6,"column":null}},"1":{"start":{"line":7,"column":0},"end":{"line":7,"column":null}},"2":{"start":{"line":9,"column":15},"end":{"line":9,"column":31}}},"fnMap":{},"branchMap":{},"s":{"0":1,"1":1,"2":1},"f":{},"b":{}}
,"/Users/yeray/Desktop/own/tests/mockedState.ts": {"path":"/Users/yeray/Desktop/own/tests/mockedState.ts","statementMap":{"0":{"start":{"line":1,"column":20},"end":{"line":1,"column":null}},"1":{"start":{"line":95,"column":15},"end":{"line":95,"column":null}}},"fnMap":{},"branchMap":{},"s":{"0":1,"1":1},"f":{},"b":{}}
}
