{"/Users/yeray/Desktop/own/src/components/Login/Login.vue": {"path":"/Users/yeray/Desktop/own/src/components/Login/Login.vue","statementMap":{"0":{"start":{"line":39,"column":0},"end":{"line":39,"column":null}},"1":{"start":{"line":41,"column":15},"end":{"line":41,"column":31}},"2":{"start":{"line":45,"column":4},"end":{"line":45,"column":11}},"3":{"start":{"line":54,"column":24},"end":{"line":54,"column":null}}},"fnMap":{"0":{"name":"(anonymous_0)","decl":{"start":{"line":44,"column":6},"end":{"line":44,"column":null}},"loc":{"start":{"line":44,"column":6},"end":{"line":51,"column":null}}},"1":{"name":"(anonymous_1)","decl":{"start":{"line":53,"column":12},"end":{"line":53,"column":null}},"loc":{"start":{"line":53,"column":12},"end":{"line":58,"column":null}}}},"branchMap":{},"s":{"0":1,"1":1,"2":0,"3":0},"f":{"0":0,"1":0},"b":{}}
,"/Users/yeray/Desktop/own/src/components/OwnHeader/OwnHeader.vue": {"path":"/Users/yeray/Desktop/own/src/components/OwnHeader/OwnHeader.vue","statementMap":{"0":{"start":{"line":35,"column":0},"end":{"line":35,"column":null}},"1":{"start":{"line":37,"column":15},"end":{"line":37,"column":31}},"2":{"start":{"line":41,"column":4},"end":{"line":41,"column":11}}},"fnMap":{"0":{"name":"(anonymous_0)","decl":{"start":{"line":40,"column":6},"end":{"line":40,"column":null}},"loc":{"start":{"line":40,"column":6},"end":{"line":44,"column":null}}}},"branchMap":{},"s":{"0":1,"1":1,"2":2},"f":{"0":2},"b":{}}
,"/Users/yeray/Desktop/own/src/components/Register/Register.vue": {"path":"/Users/yeray/Desktop/own/src/components/Register/Register.vue","statementMap":{"0":{"start":{"line":44,"column":0},"end":{"line":44,"column":null}},"1":{"start":{"line":46,"column":15},"end":{"line":46,"column":31}},"2":{"start":{"line":50,"column":4},"end":{"line":50,"column":11}}},"fnMap":{"0":{"name":"(anonymous_0)","decl":{"start":{"line":49,"column":6},"end":{"line":49,"column":null}},"loc":{"start":{"line":49,"column":6},"end":{"line":54,"column":null}}}},"branchMap":{},"s":{"0":1,"1":1,"2":0},"f":{"0":0},"b":{}}
,"/Users/yeray/Desktop/own/src/router/index.ts": {"path":"/Users/yeray/Desktop/own/src/router/index.ts","statementMap":{"0":{"start":{"line":1,"column":0},"end":{"line":1,"column":null}},"1":{"start":{"line":2,"column":0},"end":{"line":2,"column":null}},"2":{"start":{"line":3,"column":0},"end":{"line":3,"column":null}},"3":{"start":{"line":4,"column":0},"end":{"line":4,"column":null}},"4":{"start":{"line":5,"column":0},"end":{"line":5,"column":null}},"5":{"start":{"line":7,"column":38},"end":{"line":7,"column":null}},"6":{"start":{"line":39,"column":15},"end":{"line":39,"column":28}},"7":{"start":{"line":44,"column":15},"end":{"line":44,"column":null}}},"fnMap":{},"branchMap":{},"s":{"0":1,"1":1,"2":1,"3":1,"4":1,"5":1,"6":1,"7":1},"f":{},"b":{}}
,"/Users/yeray/Desktop/own/src/views/Home.vue": {"path":"/Users/yeray/Desktop/own/src/views/Home.vue","statementMap":{"0":{"start":{"line":8,"column":0},"end":{"line":8,"column":null}},"1":{"start":{"line":10,"column":15},"end":{"line":10,"column":31}}},"fnMap":{},"branchMap":{},"s":{"0":1,"1":1},"f":{},"b":{}}
,"/Users/yeray/Desktop/own/src/views/NotFound.vue": {"path":"/Users/yeray/Desktop/own/src/views/NotFound.vue","statementMap":{"0":{"start":{"line":11,"column":0},"end":{"line":11,"column":null}},"1":{"start":{"line":13,"column":15},"end":{"line":13,"column":31}}},"fnMap":{},"branchMap":{},"s":{"0":1,"1":1},"f":{},"b":{}}
,"/Users/yeray/Desktop/own/src/views/OwnLogin.vue": {"path":"/Users/yeray/Desktop/own/src/views/OwnLogin.vue","statementMap":{"0":{"start":{"line":6,"column":0},"end":{"line":6,"column":null}},"1":{"start":{"line":7,"column":0},"end":{"line":7,"column":null}},"2":{"start":{"line":9,"column":15},"end":{"line":9,"column":31}}},"fnMap":{},"branchMap":{},"s":{"0":1,"1":1,"2":1},"f":{},"b":{}}
,"/Users/yeray/Desktop/own/src/views/OwnRegister.vue": {"path":"/Users/yeray/Desktop/own/src/views/OwnRegister.vue","statementMap":{"0":{"start":{"line":6,"column":0},"end":{"line":6,"column":null}},"1":{"start":{"line":7,"column":0},"end":{"line":7,"column":null}},"2":{"start":{"line":9,"column":15},"end":{"line":9,"column":31}}},"fnMap":{},"branchMap":{},"s":{"0":1,"1":1,"2":1},"f":{},"b":{}}
}
