TN:
SF:/Users/yeray/Desktop/own/src/App.vue
FN:37,(anonymous_0)
FNF:1
FNH:0
FNDA:0,(anonymous_0)
DA:18,0
DA:19,0
DA:20,0
DA:21,0
DA:22,0
DA:24,0
DA:38,0
DA:39,0
LF:8
LH:0
BRDA:38,0,0,0
BRDA:38,0,1,0
BRF:2
BRH:0
end_of_record
TN:
SF:/Users/yeray/Desktop/own/src/components/ImagePreview.vue
FN:23,(anonymous_0)
FN:30,(anonymous_1)
FN:33,(anonymous_2)
FN:38,(anonymous_3)
FNF:4
FNH:0
FNDA:0,(anonymous_0)
FNDA:0,(anonymous_1)
FNDA:0,(anonymous_2)
FNDA:0,(anonymous_3)
DA:19,1
DA:21,1
DA:24,0
DA:31,0
DA:34,0
DA:35,0
DA:36,0
DA:37,0
DA:38,0
DA:39,0
DA:41,0
DA:42,0
LF:12
LH:2
BRDA:36,0,0,0
BRDA:36,0,1,0
BRDA:36,1,0,0
BRDA:36,1,1,0
BRF:4
BRH:0
end_of_record
TN:
SF:/Users/yeray/Desktop/own/src/components/Spinner.vue
FNF:0
FNH:0
DA:21,0
DA:23,0
LF:2
LH:0
BRF:0
BRH:0
end_of_record
TN:
SF:/Users/yeray/Desktop/own/src/components/Board/Board.vue
FN:32,(anonymous_0)
FNF:1
FNH:0
FNDA:0,(anonymous_0)
DA:21,1
DA:22,1
DA:24,1
DA:33,0
LF:4
LH:3
BRF:0
BRH:0
end_of_record
TN:
SF:/Users/yeray/Desktop/own/src/components/BoardForm/BoardForm.vue
FN:94,(anonymous_0)
FN:111,(anonymous_1)
FN:114,(anonymous_2)
FN:127,(anonymous_3)
FN:147,(anonymous_6)
FNF:5
FNH:0
FNDA:0,(anonymous_0)
FNDA:0,(anonymous_1)
FNDA:0,(anonymous_2)
FNDA:0,(anonymous_3)
FNDA:0,(anonymous_6)
DA:86,1
DA:87,1
DA:88,1
DA:91,1
DA:95,0
DA:112,0
DA:115,0
DA:124,0
DA:128,0
DA:129,0
DA:130,0
DA:131,0
DA:132,0
DA:133,0
DA:134,0
DA:135,0
DA:136,0
DA:139,0
DA:140,0
DA:141,0
DA:143,0
DA:148,0
DA:149,0
DA:151,0
LF:24
LH:4
BRDA:115,0,0,0
BRDA:115,0,1,0
BRDA:116,1,0,0
BRDA:116,1,1,0
BRDA:116,1,2,0
BRDA:116,1,3,0
BRDA:116,1,4,0
BRDA:116,1,5,0
BRDA:116,1,6,0
BRDA:148,2,0,0
BRDA:148,2,1,0
BRF:11
BRH:0
end_of_record
TN:
SF:/Users/yeray/Desktop/own/src/components/BoardGallery/BoardGallery.vue
FNF:0
FNH:0
DA:9,1
DA:10,1
DA:12,1
LF:3
LH:3
BRF:0
BRH:0
end_of_record
TN:
SF:/Users/yeray/Desktop/own/src/components/BoardHeader/BoardHeader.vue
FN:73,(anonymous_0)
FN:78,(anonymous_1)
FNF:2
FNH:0
FNDA:0,(anonymous_0)
FNDA:0,(anonymous_1)
DA:59,0
DA:60,0
DA:62,0
DA:74,0
DA:75,0
DA:79,0
LF:6
LH:0
BRF:0
BRH:0
end_of_record
TN:
SF:/Users/yeray/Desktop/own/src/components/Login/Login.vue
FN:55,(anonymous_0)
FN:65,(anonymous_1)
FN:72,(anonymous_2)
FNF:3
FNH:3
FNDA:3,(anonymous_0)
FNDA:2,(anonymous_1)
FNDA:1,(anonymous_2)
DA:48,1
DA:49,1
DA:52,1
DA:56,3
DA:66,2
DA:67,1
DA:69,1
DA:73,1
DA:74,1
DA:79,1
DA:80,0
DA:81,0
DA:83,1
LF:13
LH:11
BRDA:66,0,0,1
BRDA:66,0,1,1
BRDA:66,1,0,2
BRDA:66,1,1,2
BRDA:73,2,0,0
BRDA:73,2,1,1
BRDA:73,3,0,1
BRDA:73,3,1,1
BRF:8
BRH:7
end_of_record
TN:
SF:/Users/yeray/Desktop/own/src/components/OwnHeader/OwnHeader.vue
FN:51,(anonymous_0)
FN:61,(anonymous_1)
FNF:2
FNH:0
FNDA:0,(anonymous_0)
FNDA:0,(anonymous_1)
DA:45,0
DA:46,0
DA:48,0
DA:52,0
DA:62,0
DA:63,0
LF:6
LH:0
BRF:0
BRH:0
end_of_record
TN:
SF:/Users/yeray/Desktop/own/src/components/Paper/Paper.vue
FNF:0
FNH:0
DA:31,1
DA:32,1
DA:34,1
LF:3
LH:3
BRF:0
BRH:0
end_of_record
TN:
SF:/Users/yeray/Desktop/own/src/components/Register/Register.vue
FN:67,(anonymous_0)
FN:82,(anonymous_1)
FN:102,(anonymous_2)
FN:108,(anonymous_3)
FNF:4
FNH:0
FNDA:0,(anonymous_0)
FNDA:0,(anonymous_1)
FNDA:0,(anonymous_2)
FNDA:0,(anonymous_3)
DA:60,1
DA:61,1
DA:64,1
DA:68,0
DA:83,0
DA:89,0
DA:90,0
DA:92,0
DA:93,0
DA:95,0
DA:96,0
DA:99,0
DA:103,0
DA:106,0
DA:109,0
DA:110,0
DA:116,0
DA:117,0
DA:119,0
LF:19
LH:3
BRDA:83,0,0,0
BRDA:83,0,1,0
BRDA:84,1,0,0
BRDA:84,1,1,0
BRDA:84,1,2,0
BRDA:84,1,3,0
BRDA:89,2,0,0
BRDA:89,2,1,0
BRDA:92,3,0,0
BRDA:92,3,1,0
BRDA:109,4,0,0
BRDA:109,4,1,0
BRDA:109,5,0,0
BRDA:109,5,1,0
BRF:14
BRH:0
end_of_record
TN:
SF:/Users/yeray/Desktop/own/src/router/index.ts
FNF:0
FNH:0
DA:1,1
DA:2,1
DA:3,1
DA:4,1
DA:5,1
DA:6,1
DA:7,1
DA:8,1
DA:10,1
DA:56,1
DA:61,1
LF:11
LH:11
BRF:0
BRH:0
end_of_record
TN:
SF:/Users/yeray/Desktop/own/src/store/actions.ts
FN:9,(anonymous_0)
FN:30,(anonymous_1)
FN:35,(anonymous_2)
FN:47,(anonymous_3)
FN:54,(anonymous_4)
FN:69,(anonymous_5)
FN:82,(anonymous_6)
FN:95,(anonymous_7)
FNF:8
FNH:0
FNDA:0,(anonymous_0)
FNDA:0,(anonymous_1)
FNDA:0,(anonymous_2)
FNDA:0,(anonymous_3)
FNDA:0,(anonymous_4)
FNDA:0,(anonymous_5)
FNDA:0,(anonymous_6)
FNDA:0,(anonymous_7)
DA:1,0
DA:4,0
DA:6,0
DA:8,0
DA:13,0
DA:14,0
DA:17,0
DA:24,0
DA:25,0
DA:26,0
DA:27,0
DA:31,0
DA:32,0
DA:40,0
DA:41,0
DA:42,0
DA:43,0
DA:44,0
DA:48,0
DA:49,0
DA:50,0
DA:51,0
DA:59,0
DA:60,0
DA:61,0
DA:65,0
DA:66,0
DA:73,0
DA:74,0
DA:75,0
DA:78,0
DA:79,0
DA:86,0
DA:87,0
DA:88,0
DA:91,0
DA:92,0
DA:99,0
DA:100,0
DA:101,0
DA:104,0
DA:106,0
DA:108,0
DA:112,0
LF:44
LH:0
BRDA:31,0,0,0
BRDA:31,0,1,0
BRDA:74,1,0,0
BRDA:74,1,1,0
BRDA:87,2,0,0
BRDA:87,2,1,0
BRF:6
BRH:0
end_of_record
TN:
SF:/Users/yeray/Desktop/own/src/store/getters.ts
FNF:0
FNH:0
DA:1,0
DA:3,0
LF:2
LH:0
BRF:0
BRH:0
end_of_record
TN:
SF:/Users/yeray/Desktop/own/src/store/mutations.ts
FN:4,(anonymous_0)
FN:7,(anonymous_1)
FN:10,(anonymous_2)
FN:14,(anonymous_3)
FN:17,(anonymous_4)
FN:20,(anonymous_5)
FN:23,(anonymous_6)
FN:26,(anonymous_7)
FNF:8
FNH:0
FNDA:0,(anonymous_0)
FNDA:0,(anonymous_1)
FNDA:0,(anonymous_2)
FNDA:0,(anonymous_3)
FNDA:0,(anonymous_4)
FNDA:0,(anonymous_5)
FNDA:0,(anonymous_6)
FNDA:0,(anonymous_7)
DA:3,0
DA:5,0
DA:8,0
DA:11,0
DA:12,0
DA:15,0
DA:18,0
DA:21,0
DA:24,0
DA:27,0
DA:31,0
LF:11
LH:0
BRF:0
BRH:0
end_of_record
TN:
SF:/Users/yeray/Desktop/own/src/store/state.ts
FNF:0
FNH:0
DA:3,0
DA:11,0
LF:2
LH:0
BRF:0
BRH:0
end_of_record
TN:
SF:/Users/yeray/Desktop/own/src/views/BoardPage.vue
FN:22,(anonymous_0)
FN:33,(anonymous_1)
FNF:2
FNH:0
FNDA:0,(anonymous_0)
FNDA:0,(anonymous_1)
DA:15,1
DA:16,1
DA:17,1
DA:19,1
DA:23,0
DA:34,0
DA:35,0
DA:36,0
LF:8
LH:4
BRDA:35,0,0,0
BRDA:35,0,1,0
BRF:2
BRH:0
end_of_record
TN:
SF:/Users/yeray/Desktop/own/src/views/CreateBoard.vue
FNF:0
FNH:0
DA:9,1
DA:10,1
DA:12,1
LF:3
LH:3
BRF:0
BRH:0
end_of_record
TN:
SF:/Users/yeray/Desktop/own/src/views/Desk.vue
FN:31,(anonymous_0)
FNF:1
FNH:0
FNDA:0,(anonymous_0)
DA:18,1
DA:19,1
DA:20,1
DA:22,1
DA:32,0
DA:33,0
DA:35,0
LF:7
LH:4
BRDA:32,0,0,0
BRDA:32,0,1,0
BRF:2
BRH:0
end_of_record
TN:
SF:/Users/yeray/Desktop/own/src/views/Home.vue
FNF:0
FNH:0
DA:8,1
DA:10,1
LF:2
LH:2
BRF:0
BRH:0
end_of_record
TN:
SF:/Users/yeray/Desktop/own/src/views/NotFound.vue
FNF:0
FNH:0
DA:13,1
DA:15,1
LF:2
LH:2
BRF:0
BRH:0
end_of_record
TN:
SF:/Users/yeray/Desktop/own/src/views/OwnLogin.vue
FNF:0
FNH:0
DA:6,1
DA:7,1
DA:9,1
LF:3
LH:3
BRF:0
BRH:0
end_of_record
TN:
SF:/Users/yeray/Desktop/own/src/views/OwnRegister.vue
FNF:0
FNH:0
DA:6,1
DA:7,1
DA:9,1
LF:3
LH:3
BRF:0
BRH:0
end_of_record
